Determining if the Q_WS_WIN exist failed with the following output:
Change Dir: /home/csguth/workspace/Risk/gui/qgv/CMakeFiles/CMakeTmp

Run Build Command:/usr/bin/make "cmTryCompileExec751292057/fast"
/usr/bin/make -f CMakeFiles/cmTryCompileExec751292057.dir/build.make CMakeFiles/cmTryCompileExec751292057.dir/build
make[1]: Entrando no diretório `/home/csguth/workspace/Risk/gui/qgv/CMakeFiles/CMakeTmp'
/usr/bin/cmake -E cmake_progress_report /home/csguth/workspace/Risk/gui/qgv/CMakeFiles/CMakeTmp/CMakeFiles 1
Building CXX object CMakeFiles/cmTryCompileExec751292057.dir/CheckSymbolExists.cxx.o
/usr/bin/c++    -I/usr/include/qt4    -o CMakeFiles/cmTryCompileExec751292057.dir/CheckSymbolExists.cxx.o -c /home/csguth/workspace/Risk/gui/qgv/CMakeFiles/CMakeTmp/CheckSymbolExists.cxx
/home/csguth/workspace/Risk/gui/qgv/CMakeFiles/CMakeTmp/CheckSymbolExists.cxx: In function ‘int main(int, char**)’:
/home/csguth/workspace/Risk/gui/qgv/CMakeFiles/CMakeTmp/CheckSymbolExists.cxx:8:19: error: ‘Q_WS_WIN’ was not declared in this scope
   return ((int*)(&Q_WS_WIN))[argc];
                   ^
make[1]: ** [CMakeFiles/cmTryCompileExec751292057.dir/CheckSymbolExists.cxx.o] Erro 1
make[1]: Saindo do diretório `/home/csguth/workspace/Risk/gui/qgv/CMakeFiles/CMakeTmp'
make: ** [cmTryCompileExec751292057/fast] Erro 2

File /home/csguth/workspace/Risk/gui/qgv/CMakeFiles/CMakeTmp/CheckSymbolExists.cxx:
/* */
#include <QtCore/qglobal.h>

int main(int argc, char** argv)
{
  (void)argv;
#ifndef Q_WS_WIN
  return ((int*)(&Q_WS_WIN))[argc];
#else
  (void)argc;
  return 0;
#endif
}

Determining if the Q_WS_QWS exist failed with the following output:
Change Dir: /home/csguth/workspace/Risk/gui/qgv/CMakeFiles/CMakeTmp

Run Build Command:/usr/bin/make "cmTryCompileExec3386887860/fast"
/usr/bin/make -f CMakeFiles/cmTryCompileExec3386887860.dir/build.make CMakeFiles/cmTryCompileExec3386887860.dir/build
make[1]: Entrando no diretório `/home/csguth/workspace/Risk/gui/qgv/CMakeFiles/CMakeTmp'
/usr/bin/cmake -E cmake_progress_report /home/csguth/workspace/Risk/gui/qgv/CMakeFiles/CMakeTmp/CMakeFiles 1
Building CXX object CMakeFiles/cmTryCompileExec3386887860.dir/CheckSymbolExists.cxx.o
/usr/bin/c++    -I/usr/include/qt4    -o CMakeFiles/cmTryCompileExec3386887860.dir/CheckSymbolExists.cxx.o -c /home/csguth/workspace/Risk/gui/qgv/CMakeFiles/CMakeTmp/CheckSymbolExists.cxx
/home/csguth/workspace/Risk/gui/qgv/CMakeFiles/CMakeTmp/CheckSymbolExists.cxx: In function ‘int main(int, char**)’:
/home/csguth/workspace/Risk/gui/qgv/CMakeFiles/CMakeTmp/CheckSymbolExists.cxx:8:19: error: ‘Q_WS_QWS’ was not declared in this scope
   return ((int*)(&Q_WS_QWS))[argc];
                   ^
make[1]: ** [CMakeFiles/cmTryCompileExec3386887860.dir/CheckSymbolExists.cxx.o] Erro 1
make[1]: Saindo do diretório `/home/csguth/workspace/Risk/gui/qgv/CMakeFiles/CMakeTmp'
make: ** [cmTryCompileExec3386887860/fast] Erro 2

File /home/csguth/workspace/Risk/gui/qgv/CMakeFiles/CMakeTmp/CheckSymbolExists.cxx:
/* */
#include <QtCore/qglobal.h>

int main(int argc, char** argv)
{
  (void)argv;
#ifndef Q_WS_QWS
  return ((int*)(&Q_WS_QWS))[argc];
#else
  (void)argc;
  return 0;
#endif
}

Determining if the Q_WS_MAC exist failed with the following output:
Change Dir: /home/csguth/workspace/Risk/gui/qgv/CMakeFiles/CMakeTmp

Run Build Command:/usr/bin/make "cmTryCompileExec3909835458/fast"
/usr/bin/make -f CMakeFiles/cmTryCompileExec3909835458.dir/build.make CMakeFiles/cmTryCompileExec3909835458.dir/build
make[1]: Entrando no diretório `/home/csguth/workspace/Risk/gui/qgv/CMakeFiles/CMakeTmp'
/usr/bin/cmake -E cmake_progress_report /home/csguth/workspace/Risk/gui/qgv/CMakeFiles/CMakeTmp/CMakeFiles 1
Building CXX object CMakeFiles/cmTryCompileExec3909835458.dir/CheckSymbolExists.cxx.o
/usr/bin/c++    -I/usr/include/qt4    -o CMakeFiles/cmTryCompileExec3909835458.dir/CheckSymbolExists.cxx.o -c /home/csguth/workspace/Risk/gui/qgv/CMakeFiles/CMakeTmp/CheckSymbolExists.cxx
/home/csguth/workspace/Risk/gui/qgv/CMakeFiles/CMakeTmp/CheckSymbolExists.cxx: In function ‘int main(int, char**)’:
/home/csguth/workspace/Risk/gui/qgv/CMakeFiles/CMakeTmp/CheckSymbolExists.cxx:8:19: error: ‘Q_WS_MAC’ was not declared in this scope
   return ((int*)(&Q_WS_MAC))[argc];
                   ^
make[1]: ** [CMakeFiles/cmTryCompileExec3909835458.dir/CheckSymbolExists.cxx.o] Erro 1
make[1]: Saindo do diretório `/home/csguth/workspace/Risk/gui/qgv/CMakeFiles/CMakeTmp'
make: ** [cmTryCompileExec3909835458/fast] Erro 2

File /home/csguth/workspace/Risk/gui/qgv/CMakeFiles/CMakeTmp/CheckSymbolExists.cxx:
/* */
#include <QtCore/qglobal.h>

int main(int argc, char** argv)
{
  (void)argv;
#ifndef Q_WS_MAC
  return ((int*)(&Q_WS_MAC))[argc];
#else
  (void)argc;
  return 0;
#endif
}

